15:28:08,332 DEBUG VersionControlOnSend.aj: 40 - Data in the buffer 293
15:28:08,379 DEBUG VersionControlOnReceive.aj: 45 - Transmitter read bytes are 4096
15:28:08,379 DEBUG VersionControlOnReceive.aj: 53 - Object type is Transmitter
15:28:08,379 DEBUG VersionControlOnReceive.aj: 54 - Message version number expected is :  0.0
15:28:08,379 DEBUG VersionControlOnReceive.aj: 55 - Message version number received is: 0.0
15:28:08,480 DEBUG VersionControlOnSend.aj: 40 - Data in the buffer 293
15:28:08,482 DEBUG VersionControlOnReceive.aj: 45 - Transmitter read bytes are 4096
15:28:08,482 DEBUG VersionControlOnReceive.aj: 53 - Object type is Transmitter
15:28:08,483 DEBUG VersionControlOnReceive.aj: 54 - Message version number expected is :  0.0
15:28:08,483 DEBUG VersionControlOnReceive.aj: 55 - Message version number received is: 0.0
15:28:08,976 DEBUG VersionControlOnSend.aj: 40 - Data in the buffer 1294
15:28:09,003 DEBUG VersionControlOnSend.aj: 40 - Data in the buffer 1294
15:28:09,019 DEBUG VersionControlOnReceive.aj: 45 - Receiver read bytes are 4096
15:28:09,019 DEBUG VersionControlOnReceive.aj: 47 - Object type is Receiver
15:28:09,019 DEBUG VersionControlOnReceive.aj: 48 - Message version number expected is :  1.0
15:28:09,020 DEBUG VersionControlOnReceive.aj: 49 - Message version number received is: 1.0
15:28:09,077 DEBUG VersionControlOnReceive.aj: 45 - Receiver read bytes are 4096
15:28:09,083 DEBUG VersionControlOnReceive.aj: 47 - Object type is Receiver
15:28:09,083 DEBUG VersionControlOnReceive.aj: 48 - Message version number expected is :  1.0
15:28:09,084 DEBUG VersionControlOnReceive.aj: 49 - Message version number received is: 1.0
15:28:09,487 DEBUG VersionControlOnSend.aj: 40 - Data in the buffer 1294
15:28:09,490 DEBUG VersionControlOnReceive.aj: 45 - Receiver read bytes are 4096
15:28:09,490 DEBUG VersionControlOnReceive.aj: 47 - Object type is Receiver
15:28:09,490 DEBUG VersionControlOnReceive.aj: 48 - Message version number expected is :  1.0
15:28:09,490 DEBUG VersionControlOnReceive.aj: 49 - Message version number received is: 1.0
15:28:09,506 DEBUG VersionControlOnSend.aj: 40 - Data in the buffer 1294
15:28:09,509 DEBUG VersionControlOnReceive.aj: 45 - Receiver read bytes are 4096
15:28:09,509 DEBUG VersionControlOnReceive.aj: 47 - Object type is Receiver
15:28:09,510 DEBUG VersionControlOnReceive.aj: 48 - Message version number expected is :  1.0
15:28:09,510 DEBUG VersionControlOnReceive.aj: 49 - Message version number received is: 1.0
15:28:10,004 DEBUG VersionControlOnSend.aj: 40 - Data in the buffer 1274
15:28:10,010 DEBUG VersionControlOnSend.aj: 40 - Data in the buffer 1294
15:28:10,040 DEBUG VersionControlOnReceive.aj: 45 - Receiver read bytes are 4096
15:28:10,041 DEBUG VersionControlOnReceive.aj: 47 - Object type is Receiver
15:28:10,041 DEBUG VersionControlOnReceive.aj: 48 - Message version number expected is :  1.0
15:28:10,041 DEBUG VersionControlOnReceive.aj: 49 - Message version number received is: 1.0
15:28:10,045 DEBUG VersionControlOnReceive.aj: 45 - Receiver read bytes are 4096
15:28:10,045 DEBUG VersionControlOnReceive.aj: 47 - Object type is Receiver
15:28:10,045 DEBUG VersionControlOnReceive.aj: 48 - Message version number expected is :  1.0
15:28:10,046 DEBUG VersionControlOnReceive.aj: 49 - Message version number received is: 1.0
15:28:10,321 DEBUG VersionControlOnSend.aj: 40 - Data in the buffer 293
15:28:10,322 DEBUG VersionControlOnReceive.aj: 45 - Transmitter read bytes are 1294
15:28:10,322 DEBUG VersionControlOnReceive.aj: 53 - Object type is Transmitter
15:28:10,323 DEBUG VersionControlOnReceive.aj: 54 - Message version number expected is :  0.0
15:28:10,323 DEBUG VersionControlOnReceive.aj: 55 - Message version number received is: 0.0
15:28:10,504 DEBUG VersionControlOnSend.aj: 40 - Data in the buffer 1284
15:28:10,505 DEBUG VersionControlOnReceive.aj: 45 - Receiver read bytes are 4096
15:28:10,505 DEBUG VersionControlOnReceive.aj: 47 - Object type is Receiver
15:28:10,505 DEBUG VersionControlOnReceive.aj: 48 - Message version number expected is :  1.0
15:28:10,506 DEBUG VersionControlOnReceive.aj: 49 - Message version number received is: 1.0
15:28:10,518 DEBUG VersionControlOnSend.aj: 40 - Data in the buffer 293
15:28:10,519 DEBUG VersionControlOnReceive.aj: 45 - Transmitter read bytes are 1294
15:28:10,519 DEBUG VersionControlOnReceive.aj: 53 - Object type is Transmitter
15:28:10,519 DEBUG VersionControlOnReceive.aj: 54 - Message version number expected is :  0.0
15:28:10,520 DEBUG VersionControlOnReceive.aj: 55 - Message version number received is: 0.0
15:28:10,540 DEBUG VersionControlOnSend.aj: 40 - Data in the buffer 1294
15:28:10,541 DEBUG VersionControlOnReceive.aj: 45 - Receiver read bytes are 4096
15:28:10,541 DEBUG VersionControlOnReceive.aj: 47 - Object type is Receiver
15:28:10,542 DEBUG VersionControlOnReceive.aj: 48 - Message version number expected is :  1.0
15:28:10,542 DEBUG VersionControlOnReceive.aj: 49 - Message version number received is: 1.0
15:28:10,690 DEBUG VersionControlOnSend.aj: 40 - Data in the buffer 293
15:28:10,691 DEBUG VersionControlOnReceive.aj: 45 - Transmitter read bytes are 1294
15:28:10,691 DEBUG VersionControlOnReceive.aj: 53 - Object type is Transmitter
15:28:10,691 DEBUG VersionControlOnReceive.aj: 54 - Message version number expected is :  0.0
15:28:10,691 DEBUG VersionControlOnReceive.aj: 55 - Message version number received is: 0.0
15:28:10,824 DEBUG VersionControlOnSend.aj: 40 - Data in the buffer 1294
15:28:10,825 DEBUG VersionControlOnReceive.aj: 45 - Receiver read bytes are 4096
15:28:10,825 DEBUG VersionControlOnReceive.aj: 47 - Object type is Receiver
15:28:10,825 DEBUG VersionControlOnReceive.aj: 48 - Message version number expected is :  1.0
15:28:10,826 DEBUG VersionControlOnReceive.aj: 49 - Message version number received is: 1.0
15:28:11,013 DEBUG VersionControlOnSend.aj: 40 - Data in the buffer 1294
15:28:11,014 DEBUG VersionControlOnReceive.aj: 45 - Receiver read bytes are 4096
15:28:11,015 DEBUG VersionControlOnReceive.aj: 47 - Object type is Receiver
15:28:11,015 DEBUG VersionControlOnReceive.aj: 48 - Message version number expected is :  1.0
15:28:11,015 DEBUG VersionControlOnReceive.aj: 49 - Message version number received is: 1.0
15:28:11,023 DEBUG VersionControlOnSend.aj: 40 - Data in the buffer 1294
15:28:11,024 DEBUG VersionControlOnReceive.aj: 45 - Receiver read bytes are 4096
15:28:11,024 DEBUG VersionControlOnReceive.aj: 47 - Object type is Receiver
15:28:11,025 DEBUG VersionControlOnReceive.aj: 48 - Message version number expected is :  1.0
15:28:11,025 DEBUG VersionControlOnReceive.aj: 49 - Message version number received is: 1.0
15:28:11,059 DEBUG VersionControlOnSend.aj: 40 - Data in the buffer 1294
15:28:11,060 DEBUG VersionControlOnReceive.aj: 45 - Receiver read bytes are 4096
15:28:11,060 DEBUG VersionControlOnReceive.aj: 47 - Object type is Receiver
15:28:11,060 DEBUG VersionControlOnReceive.aj: 48 - Message version number expected is :  1.0
15:28:11,061 DEBUG VersionControlOnReceive.aj: 49 - Message version number received is: 1.0
15:28:11,093 DEBUG VersionControlOnSend.aj: 40 - Data in the buffer 293
15:28:11,094 DEBUG VersionControlOnReceive.aj: 45 - Transmitter read bytes are 1294
15:28:11,094 DEBUG VersionControlOnReceive.aj: 53 - Object type is Transmitter
15:28:11,095 DEBUG VersionControlOnReceive.aj: 54 - Message version number expected is :  0.0
15:28:11,095 DEBUG VersionControlOnReceive.aj: 55 - Message version number received is: 0.0
15:28:11,192 DEBUG VersionControlOnSend.aj: 40 - Data in the buffer 1294
15:28:11,193 DEBUG VersionControlOnReceive.aj: 45 - Receiver read bytes are 4096
15:28:11,193 DEBUG VersionControlOnReceive.aj: 47 - Object type is Receiver
15:28:11,193 DEBUG VersionControlOnReceive.aj: 48 - Message version number expected is :  1.0
15:28:11,193 DEBUG VersionControlOnReceive.aj: 49 - Message version number received is: 1.0
15:28:11,514 DEBUG VersionControlOnSend.aj: 40 - Data in the buffer 1294
15:28:11,515 DEBUG VersionControlOnReceive.aj: 45 - Receiver read bytes are 4096
15:28:11,515 DEBUG VersionControlOnReceive.aj: 47 - Object type is Receiver
15:28:11,515 DEBUG VersionControlOnReceive.aj: 48 - Message version number expected is :  1.0
15:28:11,515 DEBUG VersionControlOnReceive.aj: 49 - Message version number received is: 1.0
15:28:11,524 DEBUG VersionControlOnSend.aj: 40 - Data in the buffer 1294
15:28:11,525 DEBUG VersionControlOnReceive.aj: 45 - Receiver read bytes are 4096
15:28:11,525 DEBUG VersionControlOnReceive.aj: 47 - Object type is Receiver
15:28:11,525 DEBUG VersionControlOnReceive.aj: 48 - Message version number expected is :  1.0
15:28:11,526 DEBUG VersionControlOnReceive.aj: 49 - Message version number received is: 1.0
15:28:11,539 DEBUG VersionControlOnSend.aj: 40 - Data in the buffer 293
15:28:11,540 DEBUG VersionControlOnReceive.aj: 45 - Transmitter read bytes are 1294
15:28:11,540 DEBUG VersionControlOnReceive.aj: 53 - Object type is Transmitter
15:28:11,540 DEBUG VersionControlOnReceive.aj: 54 - Message version number expected is :  0.0
15:28:11,541 DEBUG VersionControlOnReceive.aj: 55 - Message version number received is: 0.0
15:28:11,560 DEBUG VersionControlOnSend.aj: 40 - Data in the buffer 1294
15:28:11,560 DEBUG VersionControlOnReceive.aj: 45 - Receiver read bytes are 4096
15:28:11,561 DEBUG VersionControlOnReceive.aj: 47 - Object type is Receiver
15:28:11,561 DEBUG VersionControlOnReceive.aj: 48 - Message version number expected is :  1.0
15:28:11,561 DEBUG VersionControlOnReceive.aj: 49 - Message version number received is: 1.0
15:28:11,621 DEBUG VersionControlOnSend.aj: 40 - Data in the buffer 1294
15:28:11,622 DEBUG VersionControlOnReceive.aj: 45 - Receiver read bytes are 4096
15:28:11,622 DEBUG VersionControlOnReceive.aj: 47 - Object type is Receiver
15:28:11,622 DEBUG VersionControlOnReceive.aj: 48 - Message version number expected is :  1.0
15:28:11,622 DEBUG VersionControlOnReceive.aj: 49 - Message version number received is: 1.0
15:28:11,639 DEBUG VersionControlOnSend.aj: 40 - Data in the buffer 293
15:28:11,640 DEBUG VersionControlOnReceive.aj: 45 - Transmitter read bytes are 1294
15:28:11,640 DEBUG VersionControlOnReceive.aj: 53 - Object type is Transmitter
15:28:11,640 DEBUG VersionControlOnReceive.aj: 54 - Message version number expected is :  0.0
15:28:11,640 DEBUG VersionControlOnReceive.aj: 55 - Message version number received is: 0.0
15:28:11,777 DEBUG VersionControlOnSend.aj: 40 - Data in the buffer 293
15:28:11,778 DEBUG VersionControlOnReceive.aj: 45 - Transmitter read bytes are 1294
15:28:11,778 DEBUG VersionControlOnReceive.aj: 53 - Object type is Transmitter
15:28:11,778 DEBUG VersionControlOnReceive.aj: 54 - Message version number expected is :  0.0
15:28:11,778 DEBUG VersionControlOnReceive.aj: 55 - Message version number received is: 0.0
15:28:12,014 DEBUG VersionControlOnSend.aj: 40 - Data in the buffer 1294
15:28:12,014 DEBUG VersionControlOnReceive.aj: 45 - Receiver read bytes are 4096
15:28:12,014 DEBUG VersionControlOnReceive.aj: 47 - Object type is Receiver
15:28:12,015 DEBUG VersionControlOnReceive.aj: 48 - Message version number expected is :  1.0
15:28:12,015 DEBUG VersionControlOnReceive.aj: 49 - Message version number received is: 0.0
15:28:12,025 DEBUG VersionControlOnSend.aj: 40 - Data in the buffer 1294
15:28:12,026 DEBUG VersionControlOnReceive.aj: 45 - Receiver read bytes are 4096
15:28:12,026 DEBUG VersionControlOnReceive.aj: 47 - Object type is Receiver
15:28:12,026 DEBUG VersionControlOnReceive.aj: 48 - Message version number expected is :  1.0
15:28:12,026 DEBUG VersionControlOnReceive.aj: 49 - Message version number received is: 1.0
15:28:12,042 DEBUG VersionControlOnSend.aj: 40 - Data in the buffer 1294
15:28:12,043 DEBUG VersionControlOnReceive.aj: 45 - Receiver read bytes are 4096
15:28:12,043 DEBUG VersionControlOnReceive.aj: 47 - Object type is Receiver
15:28:12,043 DEBUG VersionControlOnReceive.aj: 48 - Message version number expected is :  1.0
15:28:12,043 DEBUG VersionControlOnReceive.aj: 49 - Message version number received is: 1.0
15:28:12,060 DEBUG VersionControlOnSend.aj: 40 - Data in the buffer 1294
15:28:12,060 DEBUG VersionControlOnReceive.aj: 45 - Receiver read bytes are 4096
15:28:12,060 DEBUG VersionControlOnReceive.aj: 47 - Object type is Receiver
15:28:12,060 DEBUG VersionControlOnReceive.aj: 48 - Message version number expected is :  1.0
15:28:12,061 DEBUG VersionControlOnReceive.aj: 49 - Message version number received is: 0.0
15:28:12,213 DEBUG VersionControlOnSend.aj: 40 - Data in the buffer 293
15:28:12,214 DEBUG VersionControlOnReceive.aj: 45 - Transmitter read bytes are 1294
15:28:12,214 DEBUG VersionControlOnReceive.aj: 53 - Object type is Transmitter
15:28:12,214 DEBUG VersionControlOnReceive.aj: 54 - Message version number expected is :  0.0
15:28:12,214 DEBUG VersionControlOnReceive.aj: 55 - Message version number received is: 0.0
15:28:12,268 DEBUG VersionControlOnSend.aj: 40 - Data in the buffer 293
15:28:12,269 DEBUG VersionControlOnReceive.aj: 45 - Transmitter read bytes are 1294
15:28:12,269 DEBUG VersionControlOnReceive.aj: 53 - Object type is Transmitter
15:28:12,269 DEBUG VersionControlOnReceive.aj: 54 - Message version number expected is :  0.0
15:28:12,269 DEBUG VersionControlOnReceive.aj: 55 - Message version number received is: 0.0
15:28:12,299 DEBUG VersionControlOnSend.aj: 40 - Data in the buffer 293
15:28:12,300 DEBUG VersionControlOnReceive.aj: 45 - Transmitter read bytes are 1294
15:28:12,300 DEBUG VersionControlOnReceive.aj: 53 - Object type is Transmitter
15:28:12,300 DEBUG VersionControlOnReceive.aj: 54 - Message version number expected is :  0.0
15:28:12,300 DEBUG VersionControlOnReceive.aj: 55 - Message version number received is: 0.0
15:28:12,388 DEBUG VersionControlOnSend.aj: 40 - Data in the buffer 294
15:28:12,389 DEBUG VersionControlOnReceive.aj: 45 - Transmitter read bytes are 1294
15:28:12,389 DEBUG VersionControlOnReceive.aj: 53 - Object type is Transmitter
15:28:12,389 DEBUG VersionControlOnReceive.aj: 54 - Message version number expected is :  0.0
15:28:12,389 DEBUG VersionControlOnReceive.aj: 55 - Message version number received is: 0.0
15:28:12,565 DEBUG VersionControlOnSend.aj: 40 - Data in the buffer 293
15:28:12,566 DEBUG VersionControlOnReceive.aj: 45 - Transmitter read bytes are 1294
15:28:12,566 DEBUG VersionControlOnReceive.aj: 53 - Object type is Transmitter
15:28:12,566 DEBUG VersionControlOnReceive.aj: 54 - Message version number expected is :  0.0
15:28:12,566 DEBUG VersionControlOnReceive.aj: 55 - Message version number received is: 0.0
